Removed Pin From Net: NetName=SW6 OUT Pin=S1-1
Removed Pin From Net: NetName=SW5 OUT Pin=S1-2
Removed Pin From Net: NetName=SW4 OUT Pin=S1-3
Removed Pin From Net: NetName=SW3 OUT Pin=S1-4
Removed Pin From Net: NetName=SW2 OUT Pin=S1-5
Removed Pin From Net: NetName=SW1 OUT Pin=S1-6
Removed Pin From Net: NetName=SW6 OUT Pin=S1-7
Removed Pin From Net: NetName=SW5 OUT Pin=S1-8
Removed Pin From Net: NetName=SW4 OUT Pin=S1-9
Removed Pin From Net: NetName=SW3 OUT Pin=S1-10
Removed Pin From Net: NetName=SW2 OUT Pin=S1-11
Removed Pin From Net: NetName=SW1 OUT Pin=S1-12
Removed Pin From Net: NetName=GND Pin=S1-A
Removed Pin From Net: NetName=GND Pin=S1-C
Removed Member From Class: ClassName=eyes_hvac_v2_pcb Member=S1
Added Component: Designator=2T 6P Rotary Switch(2POL 6POS Rotary Switch)
Add component (AddParameter): Name = "Availability"; Value = "Unavailable"; VariantName = "[No Variations]"
Add component (AddParameter): Name = "MF"; Value = ""; VariantName = "[No Variations]"
Add component (AddParameter): Name = "MP"; Value = "KC26A30.001NPS"; VariantName = "[No Variations]"
Add component (AddParameter): Name = "Package"; Value = "None"; VariantName = "[No Variations]"
Add component (AddParameter): Name = "Price"; Value = "None"; VariantName = "[No Variations]"
Add component (AddParameter): Name = "Value"; Value = ""; VariantName = "[No Variations]"
Added Component: Designator=Voltage Input(Voltage Input)
Added Pin To Net: NetName=SW6 OUT Pin=2T 6P Rotary Switch-1
Added Pin To Net: NetName=SW5 OUT Pin=2T 6P Rotary Switch-2
Added Pin To Net: NetName=SW4 OUT Pin=2T 6P Rotary Switch-3
Added Pin To Net: NetName=SW3 OUT Pin=2T 6P Rotary Switch-4
Added Pin To Net: NetName=SW2 OUT Pin=2T 6P Rotary Switch-5
Added Pin To Net: NetName=SW1 OUT Pin=2T 6P Rotary Switch-6
Added Pin To Net: NetName=SW6 OUT Pin=2T 6P Rotary Switch-7
Added Pin To Net: NetName=SW5 OUT Pin=2T 6P Rotary Switch-8
Added Pin To Net: NetName=SW4 OUT Pin=2T 6P Rotary Switch-9
Added Pin To Net: NetName=SW3 OUT Pin=2T 6P Rotary Switch-10
Added Pin To Net: NetName=SW2 OUT Pin=2T 6P Rotary Switch-11
Added Pin To Net: NetName=SW1 OUT Pin=2T 6P Rotary Switch-12
Added Pin To Net: NetName=GND Pin=2T 6P Rotary Switch-A
Added Pin To Net: NetName=GND Pin=2T 6P Rotary Switch-C
Added Pin To Net: NetName=GND Pin=Voltage Input-GND
Added Pin To Net: NetName=VCC Pin=Voltage Input-VCC
Added Member To Class: ClassName=eyes_hvac_v2_pcb Member=Component 2T 6P Rotary Switch
Added Member To Class: ClassName=eyes_hvac_v2_pcb Member=Component Voltage Input
